app/build/intermediates/manifest_merge_blame_file/release/manifest-merger-blame-release-report.txt
1<?xml version="1.0" encoding="utf-8"?>
2<manifest xmlns:android="http://schemas.android.com/apk/res/android"
3    package="world.robinsai.readthissheet"
4    android:versionCode="1"
5    android:versionName="1.0.0" >
6
7    <uses-sdk
8        android:minSdkVersion="24"
9        android:targetSdkVersion="34" />
10
11    <uses-permission android:name="android.permission.CAMERA" />
11-->src/main/AndroidManifest.xml:4:5-65
11-->src/main/AndroidManifest.xml:4:22-62
12    <uses-permission android:name="android.permission.INTERNET" />
12-->src/main/AndroidManifest.xml:5:5-67
12-->src/main/AndroidManifest.xml:5:22-64
13    <uses-permission android:name="android.permission.POST_NOTIFICATIONS" />
13-->src/main/AndroidManifest.xml:6:5-77
13-->src/main/AndroidManifest.xml:6:22-74
14
15    <uses-feature
15-->src/main/AndroidManifest.xml:7:5-84
16        android:name="android.hardware.camera"
16-->src/main/AndroidManifest.xml:7:19-57
17        android:required="false" />
17-->src/main/AndroidManifest.xml:7:58-82
18    <uses-feature
18-->src/main/AndroidManifest.xml:8:5-86
19        android:name="android.hardware.camera.ar"
19-->src/main/AndroidManifest.xml:8:19-60
20        android:required="true" />
20-->src/main/AndroidManifest.xml:8:61-84
21    <uses-feature
21-->src/main/AndroidManifest.xml:9:5-78
22        android:glEsVersion="0x00020000"
22-->src/main/AndroidManifest.xml:9:19-51
23        android:required="true" />
23-->src/main/AndroidManifest.xml:9:52-75
24
25    <uses-permission android:name="com.android.vending.BILLING" />
25-->[com.android.billingclient:billing-ktx:6.1.0] AndroidManifest.xml:9:5-67
25-->[com.android.billingclient:billing-ktx:6.1.0] AndroidManifest.xml:9:22-64
26
27    <queries>
27-->[com.android.billingclient:billing:6.1.0] AndroidManifest.xml:12:5-16:15
28        <intent>
28-->[com.android.billingclient:billing:6.1.0] AndroidManifest.xml:13:9-15:18
29            <action android:name="com.android.vending.billing.InAppBillingService.BIND" />
29-->[com.android.billingclient:billing:6.1.0] AndroidManifest.xml:14:13-91
29-->[com.android.billingclient:billing:6.1.0] AndroidManifest.xml:14:21-88
30        </intent>
31
32        <package android:name="com.google.ar.core" />
32-->[com.google.ar:core:1.40.0] AndroidManifest.xml:21:9-54
32-->[com.google.ar:core:1.40.0] AndroidManifest.xml:21:18-51
33    </queries>
34
35    <uses-permission android:name="android.permission.ACCESS_NETWORK_STATE" />
35-->[com.google.firebase:firebase-auth:22.3.0] AndroidManifest.xml:26:5-79
35-->[com.google.firebase:firebase-auth:22.3.0] AndroidManifest.xml:26:22-76
36    <uses-permission android:name="android.permission.WAKE_LOCK" />
36-->[com.google.android.gms:play-services-measurement-api:21.5.0] AndroidManifest.xml:24:5-68
36-->[com.google.android.gms:play-services-measurement-api:21.5.0] AndroidManifest.xml:24:22-65
37    <uses-permission android:name="com.google.android.gms.permission.AD_ID" />
37-->[com.google.android.gms:play-services-measurement-api:21.5.0] AndroidManifest.xml:25:5-79
37-->[com.google.android.gms:play-services-measurement-api:21.5.0] AndroidManifest.xml:25:22-76
38    <uses-permission android:name="android.permission.ACCESS_ADSERVICES_ATTRIBUTION" />
38-->[com.google.android.gms:play-services-measurement-api:21.5.0] AndroidManifest.xml:26:5-88
38-->[com.google.android.gms:play-services-measurement-api:21.5.0] AndroidManifest.xml:26:22-85
39    <uses-permission android:name="android.permission.ACCESS_ADSERVICES_AD_ID" />
39-->[com.google.android.gms:play-services-measurement-api:21.5.0] AndroidManifest.xml:27:5-82
39-->[com.google.android.gms:play-services-measurement-api:21.5.0] AndroidManifest.xml:27:22-79
40    <uses-permission android:name="com.google.android.finsky.permission.BIND_GET_INSTALL_REFERRER_SERVICE" />
40-->[com.google.android.gms:play-services-measurement:21.5.0] AndroidManifest.xml:26:5-110
40-->[com.google.android.gms:play-services-measurement:21.5.0] AndroidManifest.xml:26:22-107
41
42    <permission
42-->[androidx.core:core:1.12.0] AndroidManifest.xml:22:5-24:47
43        android:name="world.robinsai.readthissheet.DYNAMIC_RECEIVER_NOT_EXPORTED_PERMISSION"
43-->[androidx.core:core:1.12.0] AndroidManifest.xml:23:9-81
44        android:protectionLevel="signature" />
44-->[androidx.core:core:1.12.0] AndroidManifest.xml:24:9-44
45
46    <uses-permission android:name="world.robinsai.readthissheet.DYNAMIC_RECEIVER_NOT_EXPORTED_PERMISSION" />
46-->[androidx.core:core:1.12.0] AndroidManifest.xml:26:5-97
46-->[androidx.core:core:1.12.0] AndroidManifest.xml:26:22-94
47
48    <application
48-->src/main/AndroidManifest.xml:11:5-35:19
49        android:name="world.robinsai.readthissheet.ReadThisSheetApp"
49-->src/main/AndroidManifest.xml:12:9-41
50        android:allowBackup="true"
50-->src/main/AndroidManifest.xml:13:9-35
51        android:appComponentFactory="androidx.core.app.CoreComponentFactory"
51-->[androidx.core:core:1.12.0] AndroidManifest.xml:28:18-86
52        android:extractNativeLibs="false"
53        android:icon="@mipmap/ic_launcher"
53-->src/main/AndroidManifest.xml:14:9-43
54        android:label="@string/app_name"
54-->src/main/AndroidManifest.xml:15:9-41
55        android:roundIcon="@mipmap/ic_launcher_round"
55-->src/main/AndroidManifest.xml:16:9-54
56        android:supportsRtl="true"
56-->src/main/AndroidManifest.xml:17:9-35
57        android:theme="@style/Theme.ARSheetMusic" >
57-->src/main/AndroidManifest.xml:18:9-50
58        <meta-data
58-->src/main/AndroidManifest.xml:20:9-81
59            android:name="com.google.ar.core"
59-->src/main/AndroidManifest.xml:20:20-53
60            android:value="required" />
60-->src/main/AndroidManifest.xml:20:54-78
61
62        <activity
62-->src/main/AndroidManifest.xml:22:9-30:20
63            android:name="world.robinsai.readthissheet.ui.MainActivity"
63-->src/main/AndroidManifest.xml:23:13-44
64            android:exported="true"
64-->src/main/AndroidManifest.xml:24:13-36
65            android:screenOrientation="portrait" >
65-->src/main/AndroidManifest.xml:25:13-49
66            <intent-filter>
66-->src/main/AndroidManifest.xml:26:13-29:29
67                <action android:name="android.intent.action.MAIN" />
67-->src/main/AndroidManifest.xml:27:17-69
67-->src/main/AndroidManifest.xml:27:25-66
68
69                <category android:name="android.intent.category.LAUNCHER" />
69-->src/main/AndroidManifest.xml:28:17-77
69-->src/main/AndroidManifest.xml:28:27-74
70            </intent-filter>
71        </activity>
72        <activity android:name="world.robinsai.readthissheet.ui.ARSheetMusicActivity" />
72-->src/main/AndroidManifest.xml:32:9-61
72-->src/main/AndroidManifest.xml:32:19-58
73        <activity android:name="world.robinsai.readthissheet.ui.auth.AuthActivity" />
73-->src/main/AndroidManifest.xml:33:9-58
73-->src/main/AndroidManifest.xml:33:19-55
74        <activity android:name="world.robinsai.readthissheet.ui.settings.SettingsActivity" />
74-->src/main/AndroidManifest.xml:34:9-66
74-->src/main/AndroidManifest.xml:34:19-63
75
76        <service
76-->[com.google.firebase:firebase-crashlytics-ktx:18.6.0] AndroidManifest.xml:21:9-27:19
77            android:name="com.google.firebase.components.ComponentDiscoveryService"
77-->[com.google.firebase:firebase-crashlytics-ktx:18.6.0] AndroidManifest.xml:22:13-84
78            android:directBootAware="true"
78-->[com.google.firebase:firebase-common:20.4.2] AndroidManifest.xml:32:13-43
79            android:exported="false" >
79-->[com.google.firebase:firebase-crashlytics-ktx:18.6.0] AndroidManifest.xml:23:13-37
80            <meta-data
80-->[com.google.firebase:firebase-crashlytics-ktx:18.6.0] AndroidManifest.xml:24:13-26:85
81                android:name="com.google.firebase.components:com.google.firebase.crashlytics.ktx.FirebaseCrashlyticsKtxRegistrar"
81-->[com.google.firebase:firebase-crashlytics-ktx:18.6.0] AndroidManifest.xml:25:17-130
82                android:value="com.google.firebase.components.ComponentRegistrar" />
82-->[com.google.firebase:firebase-crashlytics-ktx:18.6.0] AndroidManifest.xml:26:17-82
83            <meta-data
83-->[com.google.firebase:firebase-analytics-ktx:21.5.0] AndroidManifest.xml:11:13-13:85
84                android:name="com.google.firebase.components:com.google.firebase.analytics.ktx.FirebaseAnalyticsLegacyRegistrar"
84-->[com.google.firebase:firebase-analytics-ktx:21.5.0] AndroidManifest.xml:12:17-129
85                android:value="com.google.firebase.components.ComponentRegistrar" />
85-->[com.google.firebase:firebase-analytics-ktx:21.5.0] AndroidManifest.xml:13:17-82
86            <meta-data
86-->[com.google.firebase:firebase-auth-ktx:22.3.0] AndroidManifest.xml:11:13-13:85
87                android:name="com.google.firebase.components:com.google.firebase.auth.ktx.FirebaseAuthLegacyRegistrar"
87-->[com.google.firebase:firebase-auth-ktx:22.3.0] AndroidManifest.xml:12:17-119
88                android:value="com.google.firebase.components.ComponentRegistrar" />
88-->[com.google.firebase:firebase-auth-ktx:22.3.0] AndroidManifest.xml:13:17-82
89            <meta-data
89-->[com.google.firebase:firebase-crashlytics:18.6.0] AndroidManifest.xml:15:13-17:85
90                android:name="com.google.firebase.components:com.google.firebase.crashlytics.FirebaseCrashlyticsKtxRegistrar"
90-->[com.google.firebase:firebase-crashlytics:18.6.0] AndroidManifest.xml:16:17-126
91                android:value="com.google.firebase.components.ComponentRegistrar" />
91-->[com.google.firebase:firebase-crashlytics:18.6.0] AndroidManifest.xml:17:17-82
92            <meta-data
92-->[com.google.firebase:firebase-crashlytics:18.6.0] AndroidManifest.xml:18:13-20:85
93                android:name="com.google.firebase.components:com.google.firebase.crashlytics.CrashlyticsRegistrar"
93-->[com.google.firebase:firebase-crashlytics:18.6.0] AndroidManifest.xml:19:17-115
94                android:value="com.google.firebase.components.ComponentRegistrar" />
94-->[com.google.firebase:firebase-crashlytics:18.6.0] AndroidManifest.xml:20:17-82
95            <meta-data
95-->[com.google.firebase:firebase-auth:22.3.0] AndroidManifest.xml:69:13-71:85
96                android:name="com.google.firebase.components:com.google.firebase.auth.FirebaseAuthRegistrar"
96-->[com.google.firebase:firebase-auth:22.3.0] AndroidManifest.xml:70:17-109
97                android:value="com.google.firebase.components.ComponentRegistrar" />
97-->[com.google.firebase:firebase-auth:22.3.0] AndroidManifest.xml:71:17-82
98            <meta-data
98-->[com.google.firebase:firebase-sessions:1.2.0] AndroidManifest.xml:29:13-31:85
99                android:name="com.google.firebase.components:com.google.firebase.sessions.FirebaseSessionsRegistrar"
99-->[com.google.firebase:firebase-sessions:1.2.0] AndroidManifest.xml:30:17-117
100                android:value="com.google.firebase.components.ComponentRegistrar" />
100-->[com.google.firebase:firebase-sessions:1.2.0] AndroidManifest.xml:31:17-82
101            <meta-data
101-->[com.google.android.gms:play-services-measurement-api:21.5.0] AndroidManifest.xml:37:13-39:85
102                android:name="com.google.firebase.components:com.google.firebase.analytics.connector.internal.AnalyticsConnectorRegistrar"
102-->[com.google.android.gms:play-services-measurement-api:21.5.0] AndroidManifest.xml:38:17-139
103                android:value="com.google.firebase.components.ComponentRegistrar" />
103-->[com.google.android.gms:play-services-measurement-api:21.5.0] AndroidManifest.xml:39:17-82
104            <meta-data
104-->[com.google.firebase:firebase-installations:17.2.0] AndroidManifest.xml:15:13-17:85
105                android:name="com.google.firebase.components:com.google.firebase.installations.FirebaseInstallationsKtxRegistrar"
105-->[com.google.firebase:firebase-installations:17.2.0] AndroidManifest.xml:16:17-130
106                android:value="com.google.firebase.components.ComponentRegistrar" />
106-->[com.google.firebase:firebase-installations:17.2.0] AndroidManifest.xml:17:17-82
107            <meta-data
107-->[com.google.firebase:firebase-installations:17.2.0] AndroidManifest.xml:18:13-20:85
108                android:name="com.google.firebase.components:com.google.firebase.installations.FirebaseInstallationsRegistrar"
108-->[com.google.firebase:firebase-installations:17.2.0] AndroidManifest.xml:19:17-127
109                android:value="com.google.firebase.components.ComponentRegistrar" />
109-->[com.google.firebase:firebase-installations:17.2.0] AndroidManifest.xml:20:17-82
110            <meta-data
110-->[com.google.firebase:firebase-common-ktx:20.4.2] AndroidManifest.xml:12:13-14:85
111                android:name="com.google.firebase.components:com.google.firebase.ktx.FirebaseCommonLegacyRegistrar"
111-->[com.google.firebase:firebase-common-ktx:20.4.2] AndroidManifest.xml:13:17-116
112                android:value="com.google.firebase.components.ComponentRegistrar" />
112-->[com.google.firebase:firebase-common-ktx:20.4.2] AndroidManifest.xml:14:17-82
113            <meta-data
113-->[com.google.firebase:firebase-datatransport:18.1.8] AndroidManifest.xml:27:13-29:85
114                android:name="com.google.firebase.components:com.google.firebase.datatransport.TransportRegistrar"
114-->[com.google.firebase:firebase-datatransport:18.1.8] AndroidManifest.xml:28:17-115
115                android:value="com.google.firebase.components.ComponentRegistrar" />
115-->[com.google.firebase:firebase-datatransport:18.1.8] AndroidManifest.xml:29:17-82
116            <meta-data
116-->[com.google.firebase:firebase-common:20.4.2] AndroidManifest.xml:35:13-37:85
117                android:name="com.google.firebase.components:com.google.firebase.FirebaseCommonKtxRegistrar"
117-->[com.google.firebase:firebase-common:20.4.2] AndroidManifest.xml:36:17-109
118                android:value="com.google.firebase.components.ComponentRegistrar" />
118-->[com.google.firebase:firebase-common:20.4.2] AndroidManifest.xml:37:17-82
119        </service>
120
121        <meta-data
121-->[com.android.billingclient:billing:6.1.0] AndroidManifest.xml:19:9-21:37
122            android:name="com.google.android.play.billingclient.version"
122-->[com.android.billingclient:billing:6.1.0] AndroidManifest.xml:20:13-73
123            android:value="6.1.0" />
123-->[com.android.billingclient:billing:6.1.0] AndroidManifest.xml:21:13-34
124
125        <activity
125-->[com.android.billingclient:billing:6.1.0] AndroidManifest.xml:23:9-27:75
126            android:name="com.android.billingclient.api.ProxyBillingActivity"
126-->[com.android.billingclient:billing:6.1.0] AndroidManifest.xml:24:13-78
127            android:configChanges="keyboard|keyboardHidden|screenLayout|screenSize|orientation"
127-->[com.android.billingclient:billing:6.1.0] AndroidManifest.xml:25:13-96
128            android:exported="false"
128-->[com.android.billingclient:billing:6.1.0] AndroidManifest.xml:26:13-37
129            android:theme="@android:style/Theme.Translucent.NoTitleBar" />
129-->[com.android.billingclient:billing:6.1.0] AndroidManifest.xml:27:13-72
130        <activity
130-->[com.google.firebase:firebase-auth:22.3.0] AndroidManifest.xml:29:9-46:20
131            android:name="com.google.firebase.auth.internal.GenericIdpActivity"
131-->[com.google.firebase:firebase-auth:22.3.0] AndroidManifest.xml:30:13-80
132            android:excludeFromRecents="true"
132-->[com.google.firebase:firebase-auth:22.3.0] AndroidManifest.xml:31:13-46
133            android:exported="true"
133-->[com.google.firebase:firebase-auth:22.3.0] AndroidManifest.xml:32:13-36
134            android:launchMode="singleTask"
134-->[com.google.firebase:firebase-auth:22.3.0] AndroidManifest.xml:33:13-44
135            android:theme="@android:style/Theme.Translucent.NoTitleBar" >
135-->[com.google.firebase:firebase-auth:22.3.0] AndroidManifest.xml:34:13-72
136            <intent-filter>
136-->[com.google.firebase:firebase-auth:22.3.0] AndroidManifest.xml:35:13-45:29
137                <action android:name="android.intent.action.VIEW" />
137-->[com.google.firebase:firebase-auth:22.3.0] AndroidManifest.xml:36:17-69
137-->[com.google.firebase:firebase-auth:22.3.0] AndroidManifest.xml:36:25-66
138
139                <category android:name="android.intent.category.DEFAULT" />
139-->[com.google.firebase:firebase-auth:22.3.0] AndroidManifest.xml:38:17-76
139-->[com.google.firebase:firebase-auth:22.3.0] AndroidManifest.xml:38:27-73
140                <category android:name="android.intent.category.BROWSABLE" />
140-->[com.google.firebase:firebase-auth:22.3.0] AndroidManifest.xml:39:17-78
140-->[com.google.firebase:firebase-auth:22.3.0] AndroidManifest.xml:39:27-75
141
142                <data
142-->[com.google.firebase:firebase-auth:22.3.0] AndroidManifest.xml:41:17-44:51
143                    android:host="firebase.auth"
143-->[com.google.firebase:firebase-auth:22.3.0] AndroidManifest.xml:42:21-49
144                    android:path="/"
144-->[com.google.firebase:firebase-auth:22.3.0] AndroidManifest.xml:43:21-37
145                    android:scheme="genericidp" />
145-->[com.google.firebase:firebase-auth:22.3.0] AndroidManifest.xml:44:21-48
146            </intent-filter>
147        </activity>
148        <activity
148-->[com.google.firebase:firebase-auth:22.3.0] AndroidManifest.xml:47:9-64:20
149            android:name="com.google.firebase.auth.internal.RecaptchaActivity"
149-->[com.google.firebase:firebase-auth:22.3.0] AndroidManifest.xml:48:13-79
150            android:excludeFromRecents="true"
150-->[com.google.firebase:firebase-auth:22.3.0] AndroidManifest.xml:49:13-46
151            android:exported="true"
151-->[com.google.firebase:firebase-auth:22.3.0] AndroidManifest.xml:50:13-36
152            android:launchMode="singleTask"
152-->[com.google.firebase:firebase-auth:22.3.0] AndroidManifest.xml:51:13-44
153            android:theme="@android:style/Theme.Translucent.NoTitleBar" >
153-->[com.google.firebase:firebase-auth:22.3.0] AndroidManifest.xml:52:13-72
154            <intent-filter>
154-->[com.google.firebase:firebase-auth:22.3.0] AndroidManifest.xml:53:13-63:29
155                <action android:name="android.intent.action.VIEW" />
155-->[com.google.firebase:firebase-auth:22.3.0] AndroidManifest.xml:36:17-69
155-->[com.google.firebase:firebase-auth:22.3.0] AndroidManifest.xml:36:25-66
156
157                <category android:name="android.intent.category.DEFAULT" />
157-->[com.google.firebase:firebase-auth:22.3.0] AndroidManifest.xml:38:17-76
157-->[com.google.firebase:firebase-auth:22.3.0] AndroidManifest.xml:38:27-73
158                <category android:name="android.intent.category.BROWSABLE" />
158-->[com.google.firebase:firebase-auth:22.3.0] AndroidManifest.xml:39:17-78
158-->[com.google.firebase:firebase-auth:22.3.0] AndroidManifest.xml:39:27-75
159
160                <data
160-->[com.google.firebase:firebase-auth:22.3.0] AndroidManifest.xml:41:17-44:51
161                    android:host="firebase.auth"
161-->[com.google.firebase:firebase-auth:22.3.0] AndroidManifest.xml:42:21-49
162                    android:path="/"
162-->[com.google.firebase:firebase-auth:22.3.0] AndroidManifest.xml:43:21-37
163                    android:scheme="recaptcha" />
163-->[com.google.firebase:firebase-auth:22.3.0] AndroidManifest.xml:44:21-48
164            </intent-filter>
165        </activity>
166
167        <service
167-->[com.google.firebase:firebase-sessions:1.2.0] AndroidManifest.xml:22:9-25:40
168            android:name="com.google.firebase.sessions.SessionLifecycleService"
168-->[com.google.firebase:firebase-sessions:1.2.0] AndroidManifest.xml:23:13-80
169            android:enabled="true"
169-->[com.google.firebase:firebase-sessions:1.2.0] AndroidManifest.xml:24:13-35
170            android:exported="false" />
170-->[com.google.firebase:firebase-sessions:1.2.0] AndroidManifest.xml:25:13-37
171
172        <property
172-->[com.google.android.gms:play-services-measurement-api:21.5.0] AndroidManifest.xml:30:9-32:61
173            android:name="android.adservices.AD_SERVICES_CONFIG"
173-->[com.google.android.gms:play-services-measurement-api:21.5.0] AndroidManifest.xml:31:13-65
174            android:resource="@xml/ga_ad_services_config" />
174-->[com.google.android.gms:play-services-measurement-api:21.5.0] AndroidManifest.xml:32:13-58
175
176        <service
176-->[com.google.android.gms:play-services-mlkit-text-recognition-common:19.0.0] AndroidManifest.xml:9:9-15:19
177            android:name="com.google.mlkit.common.internal.MlKitComponentDiscoveryService"
177-->[com.google.android.gms:play-services-mlkit-text-recognition-common:19.0.0] AndroidManifest.xml:10:13-91
178            android:directBootAware="true"
178-->[com.google.mlkit:common:18.8.0] AndroidManifest.xml:17:13-43
179            android:exported="false" >
179-->[com.google.android.gms:play-services-mlkit-text-recognition-common:19.0.0] AndroidManifest.xml:11:13-37
180            <meta-data
180-->[com.google.android.gms:play-services-mlkit-text-recognition-common:19.0.0] AndroidManifest.xml:12:13-14:85
181                android:name="com.google.firebase.components:com.google.mlkit.vision.text.internal.TextRegistrar"
181-->[com.google.android.gms:play-services-mlkit-text-recognition-common:19.0.0] AndroidManifest.xml:13:17-114
182                android:value="com.google.firebase.components.ComponentRegistrar" />
182-->[com.google.android.gms:play-services-mlkit-text-recognition-common:19.0.0] AndroidManifest.xml:14:17-82
183            <meta-data
183-->[com.google.mlkit:vision-common:17.3.0] AndroidManifest.xml:12:13-14:85
184                android:name="com.google.firebase.components:com.google.mlkit.vision.common.internal.VisionCommonRegistrar"
184-->[com.google.mlkit:vision-common:17.3.0] AndroidManifest.xml:13:17-124
185                android:value="com.google.firebase.components.ComponentRegistrar" />
185-->[com.google.mlkit:vision-common:17.3.0] AndroidManifest.xml:14:17-82
186            <meta-data
186-->[com.google.mlkit:common:18.8.0] AndroidManifest.xml:20:13-22:85
187                android:name="com.google.firebase.components:com.google.mlkit.common.internal.CommonComponentRegistrar"
187-->[com.google.mlkit:common:18.8.0] AndroidManifest.xml:21:17-120
188                android:value="com.google.firebase.components.ComponentRegistrar" />
188-->[com.google.mlkit:common:18.8.0] AndroidManifest.xml:22:17-82
189        </service>
190
191        <provider
191-->[com.google.mlkit:common:18.8.0] AndroidManifest.xml:9:9-13:38
192            android:name="com.google.mlkit.common.internal.MlKitInitProvider"
192-->[com.google.mlkit:common:18.8.0] AndroidManifest.xml:10:13-78
193            android:authorities="world.robinsai.readthissheet.mlkitinitprovider"
193-->[com.google.mlkit:common:18.8.0] AndroidManifest.xml:11:13-69
194            android:exported="false"
194-->[com.google.mlkit:common:18.8.0] AndroidManifest.xml:12:13-37
195            android:initOrder="99" />
195-->[com.google.mlkit:common:18.8.0] AndroidManifest.xml:13:13-35
196
197        <service
197-->[com.google.android.datatransport:transport-backend-cct:3.1.9] AndroidManifest.xml:28:9-34:19
198            android:name="com.google.android.datatransport.runtime.backends.TransportBackendDiscovery"
198-->[com.google.android.datatransport:transport-backend-cct:3.1.9] AndroidManifest.xml:29:13-103
199            android:exported="false" >
199-->[com.google.android.datatransport:transport-backend-cct:3.1.9] AndroidManifest.xml:30:13-37
200            <meta-data
200-->[com.google.android.datatransport:transport-backend-cct:3.1.9] AndroidManifest.xml:31:13-33:39
201                android:name="backend:com.google.android.datatransport.cct.CctBackendFactory"
201-->[com.google.android.datatransport:transport-backend-cct:3.1.9] AndroidManifest.xml:32:17-94
202                android:value="cct" />
202-->[com.google.android.datatransport:transport-backend-cct:3.1.9] AndroidManifest.xml:33:17-36
203        </service>
204
205        <receiver
205-->[com.google.android.gms:play-services-measurement:21.5.0] AndroidManifest.xml:29:9-33:20
206            android:name="com.google.android.gms.measurement.AppMeasurementReceiver"
206-->[com.google.android.gms:play-services-measurement:21.5.0] AndroidManifest.xml:30:13-85
207            android:enabled="true"
207-->[com.google.android.gms:play-services-measurement:21.5.0] AndroidManifest.xml:31:13-35
208            android:exported="false" >
208-->[com.google.android.gms:play-services-measurement:21.5.0] AndroidManifest.xml:32:13-37
209        </receiver>
210
211        <service
211-->[com.google.android.gms:play-services-measurement:21.5.0] AndroidManifest.xml:35:9-38:40
212            android:name="com.google.android.gms.measurement.AppMeasurementService"
212-->[com.google.android.gms:play-services-measurement:21.5.0] AndroidManifest.xml:36:13-84
213            android:enabled="true"
213-->[com.google.android.gms:play-services-measurement:21.5.0] AndroidManifest.xml:37:13-35
214            android:exported="false" />
214-->[com.google.android.gms:play-services-measurement:21.5.0] AndroidManifest.xml:38:13-37
215        <service
215-->[com.google.android.gms:play-services-measurement:21.5.0] AndroidManifest.xml:39:9-43:72
216            android:name="com.google.android.gms.measurement.AppMeasurementJobService"
216-->[com.google.android.gms:play-services-measurement:21.5.0] AndroidManifest.xml:40:13-87
217            android:enabled="true"
217-->[com.google.android.gms:play-services-measurement:21.5.0] AndroidManifest.xml:41:13-35
218            android:exported="false"
218-->[com.google.android.gms:play-services-measurement:21.5.0] AndroidManifest.xml:42:13-37
219            android:permission="android.permission.BIND_JOB_SERVICE" />
219-->[com.google.android.gms:play-services-measurement:21.5.0] AndroidManifest.xml:43:13-69
220
221        <uses-library
221-->[androidx.privacysandbox.ads:ads-adservices:1.0.0-beta05] AndroidManifest.xml:23:9-25:40
222            android:name="android.ext.adservices"
222-->[androidx.privacysandbox.ads:ads-adservices:1.0.0-beta05] AndroidManifest.xml:24:13-50
223            android:required="false" />
223-->[androidx.privacysandbox.ads:ads-adservices:1.0.0-beta05] AndroidManifest.xml:25:13-37
224
225        <service
225-->[androidx.camera:camera-camera2:1.3.1] AndroidManifest.xml:24:9-33:19
226            android:name="androidx.camera.core.impl.MetadataHolderService"
226-->[androidx.camera:camera-camera2:1.3.1] AndroidManifest.xml:25:13-75
227            android:enabled="false"
227-->[androidx.camera:camera-camera2:1.3.1] AndroidManifest.xml:26:13-36
228            android:exported="false" >
228-->[androidx.camera:camera-camera2:1.3.1] AndroidManifest.xml:27:13-37
229            <meta-data
229-->[androidx.camera:camera-camera2:1.3.1] AndroidManifest.xml:30:13-32:89
230                android:name="androidx.camera.core.impl.MetadataHolderService.DEFAULT_CONFIG_PROVIDER"
230-->[androidx.camera:camera-camera2:1.3.1] AndroidManifest.xml:31:17-103
231                android:value="androidx.camera.camera2.Camera2Config$DefaultProvider" />
231-->[androidx.camera:camera-camera2:1.3.1] AndroidManifest.xml:32:17-86
232        </service>
233
234        <activity
234-->[com.google.android.gms:play-services-base:18.2.0] AndroidManifest.xml:20:9-22:45
235            android:name="com.google.android.gms.common.api.GoogleApiActivity"
235-->[com.google.android.gms:play-services-base:18.2.0] AndroidManifest.xml:20:19-85
236            android:exported="false"
236-->[com.google.android.gms:play-services-base:18.2.0] AndroidManifest.xml:22:19-43
237            android:theme="@android:style/Theme.Translucent.NoTitleBar" />
237-->[com.google.android.gms:play-services-base:18.2.0] AndroidManifest.xml:21:19-78
238
239        <provider
239-->[com.google.firebase:firebase-common:20.4.2] AndroidManifest.xml:23:9-28:39
240            android:name="com.google.firebase.provider.FirebaseInitProvider"
240-->[com.google.firebase:firebase-common:20.4.2] AndroidManifest.xml:24:13-77
241            android:authorities="world.robinsai.readthissheet.firebaseinitprovider"
241-->[com.google.firebase:firebase-common:20.4.2] AndroidManifest.xml:25:13-72
242            android:directBootAware="true"
242-->[com.google.firebase:firebase-common:20.4.2] AndroidManifest.xml:26:13-43
243            android:exported="false"
243-->[com.google.firebase:firebase-common:20.4.2] AndroidManifest.xml:27:13-37
244            android:initOrder="100" />
244-->[com.google.firebase:firebase-common:20.4.2] AndroidManifest.xml:28:13-36
245
246        <meta-data
246-->[com.google.android.gms:play-services-basement:18.1.0] AndroidManifest.xml:21:9-23:69
247            android:name="com.google.android.gms.version"
247-->[com.google.android.gms:play-services-basement:18.1.0] AndroidManifest.xml:22:13-58
248            android:value="@integer/google_play_services_version" />
248-->[com.google.android.gms:play-services-basement:18.1.0] AndroidManifest.xml:23:13-66
249
250        <provider
250-->[androidx.emoji2:emoji2:1.2.0] AndroidManifest.xml:24:9-32:20
251            android:name="androidx.startup.InitializationProvider"
251-->[androidx.emoji2:emoji2:1.2.0] AndroidManifest.xml:25:13-67
252            android:authorities="world.robinsai.readthissheet.androidx-startup"
252-->[androidx.emoji2:emoji2:1.2.0] AndroidManifest.xml:26:13-68
253            android:exported="false" >
253-->[androidx.emoji2:emoji2:1.2.0] AndroidManifest.xml:27:13-37
254            <meta-data
254-->[androidx.emoji2:emoji2:1.2.0] AndroidManifest.xml:29:13-31:52
255                android:name="androidx.emoji2.text.EmojiCompatInitializer"
255-->[androidx.emoji2:emoji2:1.2.0] AndroidManifest.xml:30:17-75
256                android:value="androidx.startup" />
256-->[androidx.emoji2:emoji2:1.2.0] AndroidManifest.xml:31:17-49
257            <meta-data